<?xml version="1.0" encoding="UTF-8"?>
<!-- Generated by org.testng.reporters.JUnitReportReporter -->
<testsuite hostname="MSI" failures="0" tests="5" name="com.juaracoding.ujian.TestUjianMingguKe4" time="62.089" errors="0" timestamp="2022-08-20T02:23:39 WIB" skipped="1">
  <testcase classname="com.juaracoding.ujian.TestUjianMingguKe4" name="testregister" time="14.455"/>
  <system-out/>
  <testcase classname="com.juaracoding.ujian.TestUjianMingguKe4" name="testlogin" time="5.784"/>
  <system-out/>
  <testcase classname="com.juaracoding.ujian.TestUjianMingguKe4" name="testsearchandcompare" time="31.635"/>
  <system-out/>
  <testcase classname="com.juaracoding.ujian.TestUjianMingguKe4" name="testcheckout" time="10.215"/>
  <system-out/>
  <testcase classname="com.juaracoding.ujian.TestUjianMingguKe4" name="Latihan">
    <skipped/>
  </testcase> <!-- Latihan -->
  <system-out/>
</testsuite> <!-- com.juaracoding.ujian.TestUjianMingguKe4 -->
