<?xml version="1.0" encoding="UTF-8"?>
<!-- Generated by org.testng.reporters.JUnitReportReporter -->
<testsuite hostname="MSI" failures="0" tests="3" name="com.juaracoding.ujian.posttest.TestRunnerPostTest" time="80.632" errors="0" timestamp="2022-08-30T00:53:42 WIB" skipped="0">
  <testcase classname="com.juaracoding.ujian.posttest.TestRunnerPostTest" name="runScenario" time="31.063"/>
  <system-out/>
  <testcase classname="com.juaracoding.ujian.posttest.TestRunnerPostTest" name="runScenario" time="37.315"/>
  <system-out/>
  <testcase classname="com.juaracoding.ujian.posttest.TestRunnerPostTest" name="runScenario" time="12.254"/>
  <system-out/>
</testsuite> <!-- com.juaracoding.ujian.posttest.TestRunnerPostTest -->
