<?xml version="1.0" encoding="UTF-8"?>
<!-- Generated by org.testng.reporters.JUnitReportReporter -->
<testsuite hostname="MSI" failures="0" tests="3" name="com.juaracoding.ujian.TestRunnerUjian5" time="90.495" errors="0" timestamp="2022-08-27T03:49:04 WIB" skipped="0">
  <testcase classname="com.juaracoding.ujian.TestRunnerUjian5" name="runScenario" time="31.001"/>
  <system-out/>
  <testcase classname="com.juaracoding.ujian.TestRunnerUjian5" name="runScenario" time="17.873"/>
  <system-out/>
  <testcase classname="com.juaracoding.ujian.TestRunnerUjian5" name="runScenario" time="41.621"/>
  <system-out/>
</testsuite> <!-- com.juaracoding.ujian.TestRunnerUjian5 -->
